0 info it worked if it ends with ok
1 verbose cli [ 'c:\\Program Files\\nodejs\\node.exe',
1 verbose cli   'c:\\Program Files\\nodejs\\node_modules\\npm\\bin\\npm-cli.js',
1 verbose cli   'i',
1 verbose cli   'ui-router@0.2.18',
1 verbose cli   '--save' ]
2 info using npm@3.8.6
3 info using node@v6.1.0
4 silly loadCurrentTree Starting
5 silly install loadCurrentTree
6 silly install readLocalPackageData
7 silly fetchPackageMetaData ui-router@0.2.18
8 silly fetchNamedPackageData ui-router
9 silly mapToRegistry name ui-router
10 silly mapToRegistry using default registry
11 silly mapToRegistry registry https://registry.npmjs.org/
12 silly mapToRegistry data Result {
12 silly mapToRegistry   raw: 'ui-router',
12 silly mapToRegistry   scope: null,
12 silly mapToRegistry   name: 'ui-router',
12 silly mapToRegistry   rawSpec: '',
12 silly mapToRegistry   spec: 'latest',
12 silly mapToRegistry   type: 'tag' }
13 silly mapToRegistry uri https://registry.npmjs.org/ui-router
14 verbose request uri https://registry.npmjs.org/ui-router
15 verbose request no auth needed
16 info attempt registry request try #1 at 19:49:37
17 verbose request id 62197da0a3925f81
18 http request GET https://registry.npmjs.org/ui-router
19 http 200 https://registry.npmjs.org/ui-router
20 verbose headers { server: 'CouchDB/1.6.1 (Erlang OTP/R16B03)',
20 verbose headers   etag: '"5IHJWWS9JO9PG719XU69MP1C1"',
20 verbose headers   'content-type': 'application/json',
20 verbose headers   'content-encoding': 'gzip',
20 verbose headers   'cache-control': 'max-age=300',
20 verbose headers   'content-length': '5250',
20 verbose headers   'accept-ranges': 'bytes',
20 verbose headers   date: 'Sun, 23 Oct 2016 15:49:39 GMT',
20 verbose headers   via: '1.1 varnish',
20 verbose headers   age: '0',
20 verbose headers   connection: 'keep-alive',
20 verbose headers   'x-served-by': 'cache-lcy1120-LCY',
20 verbose headers   'x-cache': 'MISS',
20 verbose headers   'x-cache-hits': '0',
20 verbose headers   'x-timer': 'S1477237779.098753,VS0,VE93',
20 verbose headers   vary: 'Accept-Encoding' }
21 silly get cb [ 200,
21 silly get   { server: 'CouchDB/1.6.1 (Erlang OTP/R16B03)',
21 silly get     etag: '"5IHJWWS9JO9PG719XU69MP1C1"',
21 silly get     'content-type': 'application/json',
21 silly get     'content-encoding': 'gzip',
21 silly get     'cache-control': 'max-age=300',
21 silly get     'content-length': '5250',
21 silly get     'accept-ranges': 'bytes',
21 silly get     date: 'Sun, 23 Oct 2016 15:49:39 GMT',
21 silly get     via: '1.1 varnish',
21 silly get     age: '0',
21 silly get     connection: 'keep-alive',
21 silly get     'x-served-by': 'cache-lcy1120-LCY',
21 silly get     'x-cache': 'MISS',
21 silly get     'x-cache-hits': '0',
21 silly get     'x-timer': 'S1477237779.098753,VS0,VE93',
21 silly get     vary: 'Accept-Encoding' } ]
22 verbose get saving ui-router to C:\Users\Ян\AppData\Roaming\npm-cache\registry.npmjs.org\ui-router\.cache.json
23 verbose correctMkdir C:\Users\Ян\AppData\Roaming\npm-cache correctMkdir not in flight; initializing
24 silly fetchPackageMetaData Error: No compatible version found: ui-router@0.2.18
24 silly fetchPackageMetaData Valid install targets:
24 silly fetchPackageMetaData 1.0.0-alpha0, 1.0.0-alpha.3
24 silly fetchPackageMetaData
24 silly fetchPackageMetaData     at pickVersionFromRegistryDocument (C:\Users\Ян\AppData\Roaming\nvm\v6.1.0\node_modules\npm\lib\fetch-package-metadata.js:156:16)
24 silly fetchPackageMetaData     at C:\Users\Ян\AppData\Roaming\nvm\v6.1.0\node_modules\npm\node_modules\iferr\index.js:13:50
24 silly fetchPackageMetaData     at C:\Users\Ян\AppData\Roaming\nvm\v6.1.0\node_modules\npm\lib\utils\pulse-till-done.js:19:8
24 silly fetchPackageMetaData     at saved (C:\Users\Ян\AppData\Roaming\nvm\v6.1.0\node_modules\npm\lib\cache\caching-client.js:168:7)
24 silly fetchPackageMetaData     at C:\Users\Ян\AppData\Roaming\nvm\v6.1.0\node_modules\npm\node_modules\graceful-fs\polyfills.js:210:7
24 silly fetchPackageMetaData     at FSReqWrap.oncomplete (fs.js:117:15)
24 silly fetchPackageMetaData  error for ui-router@0.2.18 Error: No compatible version found: ui-router@0.2.18
24 silly fetchPackageMetaData Valid install targets:
24 silly fetchPackageMetaData 1.0.0-alpha0, 1.0.0-alpha.3
24 silly fetchPackageMetaData
24 silly fetchPackageMetaData     at pickVersionFromRegistryDocument (C:\Users\Ян\AppData\Roaming\nvm\v6.1.0\node_modules\npm\lib\fetch-package-metadata.js:156:16)
24 silly fetchPackageMetaData     at C:\Users\Ян\AppData\Roaming\nvm\v6.1.0\node_modules\npm\node_modules\iferr\index.js:13:50
24 silly fetchPackageMetaData     at C:\Users\Ян\AppData\Roaming\nvm\v6.1.0\node_modules\npm\lib\utils\pulse-till-done.js:19:8
24 silly fetchPackageMetaData     at saved (C:\Users\Ян\AppData\Roaming\nvm\v6.1.0\node_modules\npm\lib\cache\caching-client.js:168:7)
24 silly fetchPackageMetaData     at C:\Users\Ян\AppData\Roaming\nvm\v6.1.0\node_modules\npm\node_modules\graceful-fs\polyfills.js:210:7
24 silly fetchPackageMetaData     at FSReqWrap.oncomplete (fs.js:117:15)
25 silly rollbackFailedOptional Starting
26 silly rollbackFailedOptional Finishing
27 silly runTopLevelLifecycles Starting
28 silly runTopLevelLifecycles Finishing
29 silly install printInstalled
30 verbose stack Error: No compatible version found: ui-router@0.2.18
30 verbose stack Valid install targets:
30 verbose stack 1.0.0-alpha0, 1.0.0-alpha.3
30 verbose stack
30 verbose stack     at pickVersionFromRegistryDocument (C:\Users\Ян\AppData\Roaming\nvm\v6.1.0\node_modules\npm\lib\fetch-package-metadata.js:156:16)
30 verbose stack     at C:\Users\Ян\AppData\Roaming\nvm\v6.1.0\node_modules\npm\node_modules\iferr\index.js:13:50
30 verbose stack     at C:\Users\Ян\AppData\Roaming\nvm\v6.1.0\node_modules\npm\lib\utils\pulse-till-done.js:19:8
30 verbose stack     at saved (C:\Users\Ян\AppData\Roaming\nvm\v6.1.0\node_modules\npm\lib\cache\caching-client.js:168:7)
30 verbose stack     at C:\Users\Ян\AppData\Roaming\nvm\v6.1.0\node_modules\npm\node_modules\graceful-fs\polyfills.js:210:7
30 verbose stack     at FSReqWrap.oncomplete (fs.js:117:15)
31 verbose cwd c:\Users\Ян\Desktop\Country-List
32 error Windows_NT 6.1.7601
33 error argv "c:\\Program Files\\nodejs\\node.exe" "c:\\Program Files\\nodejs\\node_modules\\npm\\bin\\npm-cli.js" "i" "ui-router@0.2.18" "--save"
34 error node v6.1.0
35 error npm  v3.8.6
36 error No compatible version found: ui-router@0.2.18
36 error Valid install targets:
36 error 1.0.0-alpha0, 1.0.0-alpha.3
37 error If you need help, you may report this error at:
37 error     <https://github.com/npm/npm/issues>
38 verbose exit [ 1, true ]
